{
  "stats": {
    "suites": 1,
    "tests": 2,
    "passes": 2,
    "pending": 0,
    "failures": 0,
    "start": "2025-05-18T11:10:44.611Z",
    "end": "2025-05-18T11:10:57.497Z",
    "duration": 12886,
    "testsRegistered": 2,
    "passPercent": 100,
    "pendingPercent": 0,
    "other": 0,
    "hasOther": false,
    "skipped": 0,
    "hasSkipped": false
  },
  "results": [
    {
      "uuid": "2ed5ef96-f9d3-427f-a22c-de91526fc8c1",
      "title": "",
      "fullFile": "cypress/e2e/map-view.cy.js",
      "file": "cypress/e2e/map-view.cy.js",
      "beforeHooks": [],
      "afterHooks": [],
      "tests": [],
      "suites": [
        {
          "uuid": "5d1e952b-5822-4baf-8b90-9f9947cb9ada",
          "title": "🗺️ Map View — Test Suite",
          "fullFile": "",
          "file": "",
          "beforeHooks": [],
          "afterHooks": [],
          "tests": [
            {
              "title": "should display the map view when user toggles from list view",
              "fullTitle": "🗺️ Map View — Test Suite should display the map view when user toggles from list view",
              "timedOut": null,
              "duration": 6635,
              "state": "passed",
              "speed": "medium",
              "pass": true,
              "fail": false,
              "pending": false,
              "context": null,
              "code": "mapPage.mapView().should('be.visible'); // Assert that the map view is visible",
              "err": {},
              "uuid": "d226435e-3bdf-4941-a987-ba6d2ece730c",
              "parentUUID": "5d1e952b-5822-4baf-8b90-9f9947cb9ada",
              "isHook": false,
              "skipped": false
            },
            {
              "title": "should search for \"Orlando\" and display property markers inside the boundary",
              "fullTitle": "🗺️ Map View — Test Suite should search for \"Orlando\" and display property markers inside the boundary",
              "timedOut": null,
              "duration": 5890,
              "state": "passed",
              "speed": "medium",
              "pass": true,
              "fail": false,
              "pending": false,
              "context": null,
              "code": "sharedElements.typeLocation('Orlando'); // Enter location into search field\n// Verify that property markers are visible and there is at least one result\nmapPage.propertyMarkers().should('exist') // At least one marker exists\n.and('have.length.at.least', 1) // Ensure there's at least one marker\n.and('be.visible'); // Ensure markers are visible\n// Verify that boundary polygon is drawn around the searched area\nmapPage.boundaryPolygon().should('exist'); // Assert that boundary is present",
              "err": {},
              "uuid": "6e65558b-f20d-4802-b70c-15c52da586cd",
              "parentUUID": "5d1e952b-5822-4baf-8b90-9f9947cb9ada",
              "isHook": false,
              "skipped": false
            }
          ],
          "suites": [],
          "passes": [
            "d226435e-3bdf-4941-a987-ba6d2ece730c",
            "6e65558b-f20d-4802-b70c-15c52da586cd"
          ],
          "failures": [],
          "pending": [],
          "skipped": [],
          "duration": 12525,
          "root": false,
          "rootEmpty": false,
          "_timeout": 2000
        }
      ],
      "passes": [],
      "failures": [],
      "pending": [],
      "skipped": [],
      "duration": 0,
      "root": true,
      "rootEmpty": true,
      "_timeout": 2000
    }
  ],
  "meta": {
    "mocha": {
      "version": "7.0.1"
    },
    "mochawesome": {
      "options": {
        "quiet": false,
        "reportFilename": "mochawesome",
        "saveHtml": false,
        "saveJson": true,
        "consoleReporter": "spec",
        "useInlineDiffs": false,
        "code": true
      },
      "version": "7.1.3"
    },
    "marge": {
      "options": {
        "overwrite": false,
        "html": false,
        "json": true,
        "reportDir": "cypress/reports/html/.jsons"
      },
      "version": "6.2.0"
    }
  }
}