{
  "stats": {
    "suites": 1,
    "tests": 1,
    "passes": 0,
    "pending": 0,
    "failures": 1,
    "start": "2025-09-26T13:34:47.429Z",
    "end": "2025-09-26T13:34:49.866Z",
    "duration": 2437,
    "testsRegistered": 3,
    "passPercent": 0,
    "pendingPercent": 0,
    "other": 1,
    "hasOther": true,
    "skipped": 2,
    "hasSkipped": true
  },
  "results": [
    {
      "uuid": "3b37a506-230d-492c-b40c-77c9dc5a6cee",
      "title": "",
      "fullFile": "cypress/e2e/privatePages/saved-searches.cy.js",
      "file": "cypress/e2e/privatePages/saved-searches.cy.js",
      "beforeHooks": [],
      "afterHooks": [],
      "tests": [],
      "suites": [
        {
          "uuid": "40550236-59ab-492e-891e-bddbac42c30b",
          "title": "Saved Searches - Guest User Access",
          "fullFile": "",
          "file": "",
          "beforeHooks": [],
          "afterHooks": [],
          "tests": [
            {
              "title": "Should redirect guest user to Sign-In page when accessing Saved Searches",
              "fullTitle": "Saved Searches - Guest User Access Should redirect guest user to Sign-In page when accessing Saved Searches",
              "timedOut": null,
              "duration": 1043,
              "state": "failed",
              "speed": null,
              "pass": false,
              "fail": true,
              "pending": false,
              "context": null,
              "code": "cy.visit(\"/saved-searches\");\ncy.url().then(url => {\n  if (url.includes(\"/sign-in\")) {\n    expect(url).to.include(\"/sign-in\");\n  } else {\n    // Some flows show a sign-in modal instead of redirect\n    sharedElements.signInModalBox().should(\"be.visible\");\n  }\n});",
              "err": {
                "message": "CypressError: `cy.task('prepareArchives')` failed with the following error:\n\nThe task 'prepareArchives' was not handled in the setupNodeEvents method. The following tasks are registered: reportAllureCypressSpecMessages, reportFinalAllureCypressSpecMessages\n\nFix this in your setupNodeEvents method here:\n/Users/apple/Desktop/ggmsTestAutomation/cypress.config.dev.js\n\nhttps://on.cypress.io/api/task\n\nBecause this error occurred during a `after each` hook we are skipping all of the remaining tests.",
                "estack": "CypressError: `cy.task('prepareArchives')` failed with the following error:\n\nThe task 'prepareArchives' was not handled in the setupNodeEvents method. The following tasks are registered: reportAllureCypressSpecMessages, reportFinalAllureCypressSpecMessages\n\nFix this in your setupNodeEvents method here:\n/Users/apple/Desktop/ggmsTestAutomation/cypress.config.dev.js\n\nhttps://on.cypress.io/api/task\n\nBecause this error occurred during a `after each` hook we are skipping all of the remaining tests.\n    at <unknown> (https://forge-com.site-dev.ggms.com/__cypress/runner/cypress_runner.js:135843:72)\n    at tryCatcher (https://forge-com.site-dev.ggms.com/__cypress/runner/cypress_runner.js:1777:23)\n    at Promise._settlePromiseFromHandler (https://forge-com.site-dev.ggms.com/__cypress/runner/cypress_runner.js:1489:31)\n    at Promise._settlePromise (https://forge-com.site-dev.ggms.com/__cypress/runner/cypress_runner.js:1546:18)\n    at Promise._settlePromise0 (https://forge-com.site-dev.ggms.com/__cypress/runner/cypress_runner.js:1591:10)\n    at Promise._settlePromises (https://forge-com.site-dev.ggms.com/__cypress/runner/cypress_runner.js:1667:18)\n    at _drainQueueStep (https://forge-com.site-dev.ggms.com/__cypress/runner/cypress_runner.js:2377:12)\n    at _drainQueue (https://forge-com.site-dev.ggms.com/__cypress/runner/cypress_runner.js:2370:9)\n    at Async._drainQueues (https://forge-com.site-dev.ggms.com/__cypress/runner/cypress_runner.js:2386:5)\n    at Async.drainQueues (https://forge-com.site-dev.ggms.com/__cypress/runner/cypress_runner.js:2256:14)\nFrom Your Spec Code:\n    at Context.eval (webpack://ggmstestautomation/./node_modules/@chromatic-com/cypress/dist/support.js:5:1844)\n    at getRet (https://forge-com.site-dev.ggms.com/__cypress/runner/cypress_runner.js:118318:20)\n    at tryCatcher (https://forge-com.site-dev.ggms.com/__cypress/runner/cypress_runner.js:1777:23)\n    at Promise.attempt.Promise.try (https://forge-com.site-dev.ggms.com/__cypress/runner/cypress_runner.js:4285:29)\n    at Context.thenFn (https://forge-com.site-dev.ggms.com/__cypress/runner/cypress_runner.js:118329:66)\n    at Context.then (https://forge-com.site-dev.ggms.com/__cypress/runner/cypress_runner.js:118580:21)\n    at wrapped (https://forge-com.site-dev.ggms.com/__cypress/runner/cypress_runner.js:138827:19)",
                "diff": null
              },
              "uuid": "7b7739e7-6040-4456-969d-897bec2570e2",
              "parentUUID": "40550236-59ab-492e-891e-bddbac42c30b",
              "isHook": false,
              "skipped": false
            }
          ],
          "suites": [],
          "passes": [],
          "failures": [
            "7b7739e7-6040-4456-969d-897bec2570e2"
          ],
          "pending": [],
          "skipped": [],
          "duration": 1043,
          "root": false,
          "rootEmpty": false,
          "_timeout": 2000
        },
        {
          "uuid": "0d29d18d-2ee2-4f99-ba3f-e803c70cde82",
          "title": "Saved Searches - Authenticated User Functionality",
          "fullFile": "",
          "file": "",
          "beforeHooks": [],
          "afterHooks": [],
          "tests": [
            {
              "title": "Should allow user to save a search and view it in Saved Searches page",
              "fullTitle": "Saved Searches - Authenticated User Functionality Should allow user to save a search and view it in Saved Searches page",
              "timedOut": null,
              "duration": 0,
              "state": "skipped",
              "speed": null,
              "pass": false,
              "fail": false,
              "pending": false,
              "context": null,
              "code": "sharedElements.typeLocation(listingLocation.orlando);\n// Ensure the page/UI has applied the filter before saving\nsharedElements.propertyAddress().should(\"exist\");\nsharedElements.saveSearch();\ncy.visit(\"/saved-searches\");\n// Check any saved search title contains the location\nsavedSearchPage.savedSearchTitleElements().should(\"exist\").then($titles => {\n  const texts = [...$titles].map(el => el.textContent.replace(/\\s+/g, \" \").trim());\n  expect(texts.some(t => t.includes(listingLocation.orlando))).to.be.true;\n});",
              "err": {},
              "uuid": "c4073c33-808b-41ca-b908-e9e99304b803",
              "parentUUID": null,
              "isHook": false,
              "skipped": true
            },
            {
              "title": "Should allow user to delete the saved search",
              "fullTitle": "Saved Searches - Authenticated User Functionality Should allow user to delete the saved search",
              "timedOut": null,
              "duration": 0,
              "state": "skipped",
              "speed": null,
              "pass": false,
              "fail": false,
              "pending": false,
              "context": null,
              "code": "cy.visit(\"/saved-searches\");\nsavedSearchPage.deleteSavedSearch(\"Property Type: House\");\nsavedSearchPage.deleteConfirmationButton();",
              "err": {},
              "uuid": "96955cbd-afd7-4056-9ce6-21ec93d678ce",
              "parentUUID": null,
              "isHook": false,
              "skipped": true
            }
          ],
          "suites": [],
          "passes": [],
          "failures": [],
          "pending": [],
          "skipped": [
            "c4073c33-808b-41ca-b908-e9e99304b803",
            "96955cbd-afd7-4056-9ce6-21ec93d678ce"
          ],
          "duration": 0,
          "root": false,
          "rootEmpty": false,
          "_timeout": 2000
        }
      ],
      "passes": [],
      "failures": [],
      "pending": [],
      "skipped": [],
      "duration": 0,
      "root": true,
      "rootEmpty": true,
      "_timeout": 2000
    }
  ],
  "meta": {
    "mocha": {
      "version": "7.0.1"
    },
    "mochawesome": {
      "options": {
        "quiet": false,
        "reportFilename": "mochawesome",
        "saveHtml": false,
        "saveJson": true,
        "consoleReporter": "spec",
        "useInlineDiffs": false,
        "code": true
      },
      "version": "7.1.3"
    },
    "marge": {
      "options": {
        "overwrite": false,
        "html": false,
        "json": true,
        "reportDir": "cypress/reports/html/.jsons"
      },
      "version": "6.2.0"
    }
  }
}