{
  "stats": {
    "suites": 1,
    "tests": 8,
    "passes": 8,
    "pending": 0,
    "failures": 0,
    "start": "2025-05-18T11:11:18.946Z",
    "end": "2025-05-18T11:11:45.758Z",
    "duration": 26812,
    "testsRegistered": 8,
    "passPercent": 100,
    "pendingPercent": 0,
    "other": 0,
    "hasOther": false,
    "skipped": 0,
    "hasSkipped": false
  },
  "results": [
    {
      "uuid": "c6dbd8e7-5309-4613-8689-e2a2ac385852",
      "title": "",
      "fullFile": "cypress/e2e/sign-in-test.cy.js",
      "file": "cypress/e2e/sign-in-test.cy.js",
      "beforeHooks": [],
      "afterHooks": [],
      "tests": [],
      "suites": [
        {
          "uuid": "1a7a4027-6702-405b-8e99-934b30e1e873",
          "title": "GGMS - SIGN IN TEST SUITE",
          "fullFile": "",
          "file": "",
          "beforeHooks": [],
          "afterHooks": [],
          "tests": [
            {
              "title": "✅ User should be able to login successfully",
              "fullTitle": "GGMS - SIGN IN TEST SUITE ✅ User should be able to login successfully",
              "timedOut": null,
              "duration": 8928,
              "state": "passed",
              "speed": "medium",
              "pass": true,
              "fail": false,
              "pending": false,
              "context": null,
              "code": "signInPage.login(userData.emailAddress, userData.password);\ncy.url().should(\"include\", \"/dashboard\");",
              "err": {},
              "uuid": "f6dde692-0647-402f-b5fa-fd356792a365",
              "parentUUID": "1a7a4027-6702-405b-8e99-934b30e1e873",
              "isHook": false,
              "skipped": false
            },
            {
              "title": "❌ User should not be allowed to login with an invalid email address format",
              "fullTitle": "GGMS - SIGN IN TEST SUITE ❌ User should not be allowed to login with an invalid email address format",
              "timedOut": null,
              "duration": 2752,
              "state": "passed",
              "speed": "fast",
              "pass": true,
              "fail": false,
              "pending": false,
              "context": null,
              "code": "signInPage.login(userData.invalidEmailAddress, userData.password);\nsignInPage.getErrorMessage().should(\"have.text\", \" Email must be an email\");",
              "err": {},
              "uuid": "ebe35afe-3ba8-4afb-a873-886439b01dbb",
              "parentUUID": "1a7a4027-6702-405b-8e99-934b30e1e873",
              "isHook": false,
              "skipped": false
            },
            {
              "title": "❌ User should not be allowed to login with an incorrect password",
              "fullTitle": "GGMS - SIGN IN TEST SUITE ❌ User should not be allowed to login with an incorrect password",
              "timedOut": null,
              "duration": 3124,
              "state": "passed",
              "speed": "fast",
              "pass": true,
              "fail": false,
              "pending": false,
              "context": null,
              "code": "signInPage.login(userData.emailAddress, userData.incorrectPassword);\nsignInPage.getErrorMessage().should(\"have.text\", \" Incorrect email or password. Please try again.\");",
              "err": {},
              "uuid": "f2bdaa36-3738-4e73-a63a-1409dde4cdbe",
              "parentUUID": "1a7a4027-6702-405b-8e99-934b30e1e873",
              "isHook": false,
              "skipped": false
            },
            {
              "title": "❌ User should not be allowed to login with an incorrect email address",
              "fullTitle": "GGMS - SIGN IN TEST SUITE ❌ User should not be allowed to login with an incorrect email address",
              "timedOut": null,
              "duration": 2622,
              "state": "passed",
              "speed": "fast",
              "pass": true,
              "fail": false,
              "pending": false,
              "context": null,
              "code": "signInPage.login(userData.incorrectEmailAddress, userData.password);\nsignInPage.getErrorMessage().should(\"have.text\", \" Incorrect email or password. Please try again.\");",
              "err": {},
              "uuid": "32ce2bd4-bdc8-40d6-a71a-4cf275a68836",
              "parentUUID": "1a7a4027-6702-405b-8e99-934b30e1e873",
              "isHook": false,
              "skipped": false
            },
            {
              "title": "❌ User should not be allowed to login without a password",
              "fullTitle": "GGMS - SIGN IN TEST SUITE ❌ User should not be allowed to login without a password",
              "timedOut": null,
              "duration": 2383,
              "state": "passed",
              "speed": "fast",
              "pass": true,
              "fail": false,
              "pending": false,
              "context": null,
              "code": "signInPage.getUsernameField().type(userData.emailAddress);\nsignInPage.getLoginButton().click();\nsignInPage.getErrorMessage().should(\"have.text\", \" Email and password are required\");",
              "err": {},
              "uuid": "637d4314-b674-4b74-b4eb-8129e2fbfac9",
              "parentUUID": "1a7a4027-6702-405b-8e99-934b30e1e873",
              "isHook": false,
              "skipped": false
            },
            {
              "title": "🔗 Verify 'Recover Password' button visibility and text",
              "fullTitle": "GGMS - SIGN IN TEST SUITE 🔗 Verify 'Recover Password' button visibility and text",
              "timedOut": null,
              "duration": 1732,
              "state": "passed",
              "speed": "fast",
              "pass": true,
              "fail": false,
              "pending": false,
              "context": null,
              "code": "signInPage.getForgotPasswordLink().should(\"be.visible\").invoke(\"text\").then(btnText => {\n  expect(btnText.trim()).to.eq(\"Recover Password\");\n});",
              "err": {},
              "uuid": "b783fae6-150d-4292-9e6d-d5a4029e7bba",
              "parentUUID": "1a7a4027-6702-405b-8e99-934b30e1e873",
              "isHook": false,
              "skipped": false
            },
            {
              "title": "🔒 Verify Google account button visibility",
              "fullTitle": "GGMS - SIGN IN TEST SUITE 🔒 Verify Google account button visibility",
              "timedOut": null,
              "duration": 1852,
              "state": "passed",
              "speed": "fast",
              "pass": true,
              "fail": false,
              "pending": false,
              "context": null,
              "code": "signInPage.getGoogleAccountButton().should(\"be.visible\");",
              "err": {},
              "uuid": "e039f561-ff02-4e0a-bb15-f4d27291ebb6",
              "parentUUID": "1a7a4027-6702-405b-8e99-934b30e1e873",
              "isHook": false,
              "skipped": false
            },
            {
              "title": "➡️ Verify navigation to 'Recover Password' page",
              "fullTitle": "GGMS - SIGN IN TEST SUITE ➡️ Verify navigation to 'Recover Password' page",
              "timedOut": null,
              "duration": 3191,
              "state": "passed",
              "speed": "fast",
              "pass": true,
              "fail": false,
              "pending": false,
              "context": null,
              "code": "signInPage.getForgotPasswordLink().click();\ncy.url().should(\"include\", \"/recover-password\");",
              "err": {},
              "uuid": "03c78cec-dc61-4528-bf43-e9df0945139c",
              "parentUUID": "1a7a4027-6702-405b-8e99-934b30e1e873",
              "isHook": false,
              "skipped": false
            }
          ],
          "suites": [],
          "passes": [
            "f6dde692-0647-402f-b5fa-fd356792a365",
            "ebe35afe-3ba8-4afb-a873-886439b01dbb",
            "f2bdaa36-3738-4e73-a63a-1409dde4cdbe",
            "32ce2bd4-bdc8-40d6-a71a-4cf275a68836",
            "637d4314-b674-4b74-b4eb-8129e2fbfac9",
            "b783fae6-150d-4292-9e6d-d5a4029e7bba",
            "e039f561-ff02-4e0a-bb15-f4d27291ebb6",
            "03c78cec-dc61-4528-bf43-e9df0945139c"
          ],
          "failures": [],
          "pending": [],
          "skipped": [],
          "duration": 26584,
          "root": false,
          "rootEmpty": false,
          "_timeout": 2000
        }
      ],
      "passes": [],
      "failures": [],
      "pending": [],
      "skipped": [],
      "duration": 0,
      "root": true,
      "rootEmpty": true,
      "_timeout": 2000
    }
  ],
  "meta": {
    "mocha": {
      "version": "7.0.1"
    },
    "mochawesome": {
      "options": {
        "quiet": false,
        "reportFilename": "mochawesome",
        "saveHtml": false,
        "saveJson": true,
        "consoleReporter": "spec",
        "useInlineDiffs": false,
        "code": true
      },
      "version": "7.1.3"
    },
    "marge": {
      "options": {
        "overwrite": false,
        "html": false,
        "json": true,
        "reportDir": "cypress/reports/html/.jsons"
      },
      "version": "6.2.0"
    }
  }
}