{
  "stats": {
    "suites": 1,
    "tests": 1,
    "passes": 0,
    "pending": 0,
    "failures": 1,
    "start": "2025-09-26T13:34:40.089Z",
    "end": "2025-09-26T13:34:41.379Z",
    "duration": 1290,
    "testsRegistered": 6,
    "passPercent": 0,
    "pendingPercent": 0,
    "other": 1,
    "hasOther": true,
    "skipped": 5,
    "hasSkipped": true
  },
  "results": [
    {
      "uuid": "3c41ffcf-4f56-49d5-94ff-6790a73f430d",
      "title": "",
      "fullFile": "cypress/e2e/privatePages/dashboard-test.cy.js",
      "file": "cypress/e2e/privatePages/dashboard-test.cy.js",
      "beforeHooks": [],
      "afterHooks": [],
      "tests": [],
      "suites": [
        {
          "uuid": "c9318da6-88b8-489f-98ad-6e47f4af1074",
          "title": "👤 Authenticated User — Dashboard Test Suite",
          "fullFile": "",
          "file": "",
          "beforeHooks": [],
          "afterHooks": [],
          "tests": [
            {
              "title": "should display the correct user name on the dashboard",
              "fullTitle": "👤 Authenticated User — Dashboard Test Suite should display the correct user name on the dashboard",
              "timedOut": null,
              "duration": 170,
              "state": "failed",
              "speed": null,
              "pass": false,
              "fail": true,
              "pending": false,
              "context": null,
              "code": "cy.loadFixture(\"sign-in\").then(() => {\n  // Relax assertion to allow surrounding text/whitespace\n  dashboardPage.getUserName().invoke(\"text\").then(t => {\n    const normalized = t.replace(/\\s+/g, \" \").trim();\n    expect(normalized).to.contain(\"Danish\");\n  });\n});",
              "err": {
                "message": "CypressError: `cy.task('prepareArchives')` failed with the following error:\n\nThe task 'prepareArchives' was not handled in the setupNodeEvents method. The following tasks are registered: reportAllureCypressSpecMessages, reportFinalAllureCypressSpecMessages\n\nFix this in your setupNodeEvents method here:\n/Users/apple/Desktop/ggmsTestAutomation/cypress.config.dev.js\n\nhttps://on.cypress.io/api/task\n\nBecause this error occurred during a `after each` hook we are skipping all of the remaining tests.",
                "estack": "CypressError: `cy.task('prepareArchives')` failed with the following error:\n\nThe task 'prepareArchives' was not handled in the setupNodeEvents method. The following tasks are registered: reportAllureCypressSpecMessages, reportFinalAllureCypressSpecMessages\n\nFix this in your setupNodeEvents method here:\n/Users/apple/Desktop/ggmsTestAutomation/cypress.config.dev.js\n\nhttps://on.cypress.io/api/task\n\nBecause this error occurred during a `after each` hook we are skipping all of the remaining tests.\n    at <unknown> (https://forge-com.site-dev.ggms.com/__cypress/runner/cypress_runner.js:135843:72)\n    at tryCatcher (https://forge-com.site-dev.ggms.com/__cypress/runner/cypress_runner.js:1777:23)\n    at Promise._settlePromiseFromHandler (https://forge-com.site-dev.ggms.com/__cypress/runner/cypress_runner.js:1489:31)\n    at Promise._settlePromise (https://forge-com.site-dev.ggms.com/__cypress/runner/cypress_runner.js:1546:18)\n    at Promise._settlePromise0 (https://forge-com.site-dev.ggms.com/__cypress/runner/cypress_runner.js:1591:10)\n    at Promise._settlePromises (https://forge-com.site-dev.ggms.com/__cypress/runner/cypress_runner.js:1667:18)\n    at _drainQueueStep (https://forge-com.site-dev.ggms.com/__cypress/runner/cypress_runner.js:2377:12)\n    at _drainQueue (https://forge-com.site-dev.ggms.com/__cypress/runner/cypress_runner.js:2370:9)\n    at Async._drainQueues (https://forge-com.site-dev.ggms.com/__cypress/runner/cypress_runner.js:2386:5)\n    at Async.drainQueues (https://forge-com.site-dev.ggms.com/__cypress/runner/cypress_runner.js:2256:14)\nFrom Your Spec Code:\n    at Context.eval (webpack://ggmstestautomation/./node_modules/@chromatic-com/cypress/dist/support.js:5:1844)\n    at getRet (https://forge-com.site-dev.ggms.com/__cypress/runner/cypress_runner.js:118318:20)\n    at tryCatcher (https://forge-com.site-dev.ggms.com/__cypress/runner/cypress_runner.js:1777:23)\n    at Promise.attempt.Promise.try (https://forge-com.site-dev.ggms.com/__cypress/runner/cypress_runner.js:4285:29)\n    at Context.thenFn (https://forge-com.site-dev.ggms.com/__cypress/runner/cypress_runner.js:118329:66)\n    at Context.then (https://forge-com.site-dev.ggms.com/__cypress/runner/cypress_runner.js:118580:21)\n    at wrapped (https://forge-com.site-dev.ggms.com/__cypress/runner/cypress_runner.js:138827:19)",
                "diff": null
              },
              "uuid": "f4c81bf4-672f-4e66-9665-b407d40134d2",
              "parentUUID": "c9318da6-88b8-489f-98ad-6e47f4af1074",
              "isHook": false,
              "skipped": false
            },
            {
              "title": "should display the Saved Properties section",
              "fullTitle": "👤 Authenticated User — Dashboard Test Suite should display the Saved Properties section",
              "timedOut": null,
              "duration": 0,
              "state": "skipped",
              "speed": null,
              "pass": false,
              "fail": false,
              "pending": false,
              "context": null,
              "code": "dashboardPage.getOptionCard(section).should(\"exist\").and(\"be.visible\");",
              "err": {},
              "uuid": "3ea3da28-eccf-4870-a6a9-2d5b9f024ee2",
              "parentUUID": "c9318da6-88b8-489f-98ad-6e47f4af1074",
              "isHook": false,
              "skipped": true
            },
            {
              "title": "should display the Hidden Properties section",
              "fullTitle": "👤 Authenticated User — Dashboard Test Suite should display the Hidden Properties section",
              "timedOut": null,
              "duration": 0,
              "state": "skipped",
              "speed": null,
              "pass": false,
              "fail": false,
              "pending": false,
              "context": null,
              "code": "dashboardPage.getOptionCard(section).should(\"exist\").and(\"be.visible\");",
              "err": {},
              "uuid": "36d5459a-a289-42ff-bf0d-7cdde6e1d4b2",
              "parentUUID": "c9318da6-88b8-489f-98ad-6e47f4af1074",
              "isHook": false,
              "skipped": true
            },
            {
              "title": "should display the Saved Searches section",
              "fullTitle": "👤 Authenticated User — Dashboard Test Suite should display the Saved Searches section",
              "timedOut": null,
              "duration": 0,
              "state": "skipped",
              "speed": null,
              "pass": false,
              "fail": false,
              "pending": false,
              "context": null,
              "code": "dashboardPage.getOptionCard(section).should(\"exist\").and(\"be.visible\");",
              "err": {},
              "uuid": "37d7b124-e98e-447e-80bc-25fe686644a9",
              "parentUUID": "c9318da6-88b8-489f-98ad-6e47f4af1074",
              "isHook": false,
              "skipped": true
            },
            {
              "title": "Should allow user to navigate to edit profile screen",
              "fullTitle": "👤 Authenticated User — Dashboard Test Suite Should allow user to navigate to edit profile screen",
              "timedOut": null,
              "duration": 0,
              "state": "skipped",
              "speed": null,
              "pass": false,
              "fail": false,
              "pending": false,
              "context": null,
              "code": "dashboardPage.userProfileEditBtn();\ncy.url().should(\"include\", \"/edit-profile\");",
              "err": {},
              "uuid": "0d690cc3-feef-4806-8d82-a06a8c82ba84",
              "parentUUID": "c9318da6-88b8-489f-98ad-6e47f4af1074",
              "isHook": false,
              "skipped": true
            },
            {
              "title": "Should allow user to see sign-out option",
              "fullTitle": "👤 Authenticated User — Dashboard Test Suite Should allow user to see sign-out option",
              "timedOut": null,
              "duration": 0,
              "state": "skipped",
              "speed": null,
              "pass": false,
              "fail": false,
              "pending": false,
              "context": null,
              "code": "dashboardPage.signout().should(\"be.visible\");",
              "err": {},
              "uuid": "720cc6b9-0491-40fc-81a6-57801386cf89",
              "parentUUID": "c9318da6-88b8-489f-98ad-6e47f4af1074",
              "isHook": false,
              "skipped": true
            }
          ],
          "suites": [],
          "passes": [],
          "failures": [
            "f4c81bf4-672f-4e66-9665-b407d40134d2"
          ],
          "pending": [],
          "skipped": [
            "3ea3da28-eccf-4870-a6a9-2d5b9f024ee2",
            "36d5459a-a289-42ff-bf0d-7cdde6e1d4b2",
            "37d7b124-e98e-447e-80bc-25fe686644a9",
            "0d690cc3-feef-4806-8d82-a06a8c82ba84",
            "720cc6b9-0491-40fc-81a6-57801386cf89"
          ],
          "duration": 170,
          "root": false,
          "rootEmpty": false,
          "_timeout": 2000
        }
      ],
      "passes": [],
      "failures": [],
      "pending": [],
      "skipped": [],
      "duration": 0,
      "root": true,
      "rootEmpty": true,
      "_timeout": 2000
    }
  ],
  "meta": {
    "mocha": {
      "version": "7.0.1"
    },
    "mochawesome": {
      "options": {
        "quiet": false,
        "reportFilename": "mochawesome",
        "saveHtml": false,
        "saveJson": true,
        "consoleReporter": "spec",
        "useInlineDiffs": false,
        "code": true
      },
      "version": "7.1.3"
    },
    "marge": {
      "options": {
        "overwrite": false,
        "html": false,
        "json": true,
        "reportDir": "cypress/reports/html/.jsons"
      },
      "version": "6.2.0"
    }
  }
}