{
  "stats": {
    "suites": 1,
    "tests": 1,
    "passes": 0,
    "pending": 0,
    "failures": 1,
    "start": "2025-09-08T08:05:52.677Z",
    "end": "2025-09-08T08:05:53.650Z",
    "duration": 973,
    "testsRegistered": 6,
    "passPercent": 0,
    "pendingPercent": 0,
    "other": 1,
    "hasOther": true,
    "skipped": 5,
    "hasSkipped": true
  },
  "results": [
    {
      "uuid": "c82c092d-daa3-4e71-9d52-4b0d3d1f20ab",
      "title": "",
      "fullFile": "cypress/e2e/publicPages/list-view.cy.js",
      "file": "cypress/e2e/publicPages/list-view.cy.js",
      "beforeHooks": [],
      "afterHooks": [],
      "tests": [],
      "suites": [
        {
          "uuid": "9cc4b227-16d2-4aa3-a0bc-8ac3797b7b3f",
          "title": "🏠 Listing Page Test Suite",
          "fullFile": "",
          "file": "",
          "beforeHooks": [],
          "afterHooks": [],
          "tests": [
            {
              "title": "should display listings based on the location selected by the user",
              "fullTitle": "🏠 Listing Page Test Suite should display listings based on the location selected by the user",
              "timedOut": null,
              "duration": 141,
              "state": "failed",
              "speed": null,
              "pass": false,
              "fail": true,
              "pending": false,
              "context": null,
              "code": "// ✅ Intercept declared before triggering\ncy.intercept('POST', '**/public/listings*').as('getListingsForSearch');\nsharedElements.typeLocation(listingPageData.propertyLocation);\ncy.wait('@getListingsForSearch'); // ✅ Essential for stability\nsharedElements.propertyAddress().should('have.length.greaterThan', 0) // ✅ Good practice to avoid false positives\n.each($address => {\n  const addressText = $address.text().toLowerCase();\n  expect(addressText).to.include(listingPageData.propertyLocation.toLowerCase());\n});",
              "err": {
                "message": "CypressError: `cy.task('prepareArchives')` failed with the following error:\n\nThe task 'prepareArchives' was not handled in the setupNodeEvents method. The following tasks are registered: reportAllureCypressSpecMessages, reportFinalAllureCypressSpecMessages\n\nFix this in your setupNodeEvents method here:\n/Users/apple/Desktop/ggmsTestAutomation/cypress.config.js\n\nhttps://on.cypress.io/api/task\n\nBecause this error occurred during a `after each` hook we are skipping all of the remaining tests.",
                "estack": "CypressError: `cy.task('prepareArchives')` failed with the following error:\n\nThe task 'prepareArchives' was not handled in the setupNodeEvents method. The following tasks are registered: reportAllureCypressSpecMessages, reportFinalAllureCypressSpecMessages\n\nFix this in your setupNodeEvents method here:\n/Users/apple/Desktop/ggmsTestAutomation/cypress.config.js\n\nhttps://on.cypress.io/api/task\n\nBecause this error occurred during a `after each` hook we are skipping all of the remaining tests.\n    at <unknown> (https://mergestack-com.site-dev.ggms.com/__cypress/runner/cypress_runner.js:135843:72)\n    at tryCatcher (https://mergestack-com.site-dev.ggms.com/__cypress/runner/cypress_runner.js:1777:23)\n    at Promise._settlePromiseFromHandler (https://mergestack-com.site-dev.ggms.com/__cypress/runner/cypress_runner.js:1489:31)\n    at Promise._settlePromise (https://mergestack-com.site-dev.ggms.com/__cypress/runner/cypress_runner.js:1546:18)\n    at Promise._settlePromise0 (https://mergestack-com.site-dev.ggms.com/__cypress/runner/cypress_runner.js:1591:10)\n    at Promise._settlePromises (https://mergestack-com.site-dev.ggms.com/__cypress/runner/cypress_runner.js:1667:18)\n    at _drainQueueStep (https://mergestack-com.site-dev.ggms.com/__cypress/runner/cypress_runner.js:2377:12)\n    at _drainQueue (https://mergestack-com.site-dev.ggms.com/__cypress/runner/cypress_runner.js:2370:9)\n    at Async._drainQueues (https://mergestack-com.site-dev.ggms.com/__cypress/runner/cypress_runner.js:2386:5)\n    at Async.drainQueues (https://mergestack-com.site-dev.ggms.com/__cypress/runner/cypress_runner.js:2256:14)\nFrom Your Spec Code:\n    at Context.eval (webpack://ggmstestautomation/./node_modules/@chromatic-com/cypress/dist/support.js:5:1844)\n    at getRet (https://mergestack-com.site-dev.ggms.com/__cypress/runner/cypress_runner.js:118318:20)\n    at tryCatcher (https://mergestack-com.site-dev.ggms.com/__cypress/runner/cypress_runner.js:1777:23)\n    at Promise.attempt.Promise.try (https://mergestack-com.site-dev.ggms.com/__cypress/runner/cypress_runner.js:4285:29)\n    at Context.thenFn (https://mergestack-com.site-dev.ggms.com/__cypress/runner/cypress_runner.js:118329:66)\n    at Context.then (https://mergestack-com.site-dev.ggms.com/__cypress/runner/cypress_runner.js:118580:21)\n    at wrapped (https://mergestack-com.site-dev.ggms.com/__cypress/runner/cypress_runner.js:138827:19)",
                "diff": null
              },
              "uuid": "0fb3b669-60ee-440f-b22a-af27cab0d14e",
              "parentUUID": "9cc4b227-16d2-4aa3-a0bc-8ac3797b7b3f",
              "isHook": false,
              "skipped": false
            },
            {
              "title": "should sort listings based on the selected sort option",
              "fullTitle": "🏠 Listing Page Test Suite should sort listings based on the selected sort option",
              "timedOut": null,
              "duration": 0,
              "state": "skipped",
              "speed": null,
              "pass": false,
              "fail": false,
              "pending": false,
              "context": null,
              "code": "sharedElements.sortOption(listingPageData.sortValue); // ✅ Should internally trigger listing reload\nsharedElements.getSortedValue().should(\"be.visible\").invoke(\"text\").then(selectedText => {\n  const trimmed = selectedText.trim();\n  expect(trimmed).to.eq(listingPageData.selectedSortValue); // ✅ Data-driven + semantic\n});",
              "err": {},
              "uuid": "3068ee8d-3448-45a3-924d-bf4397c4a002",
              "parentUUID": "9cc4b227-16d2-4aa3-a0bc-8ac3797b7b3f",
              "isHook": false,
              "skipped": true
            },
            {
              "title": "should show sign-in modal when a guest user tries to favorite a listing",
              "fullTitle": "🏠 Listing Page Test Suite should show sign-in modal when a guest user tries to favorite a listing",
              "timedOut": null,
              "duration": 0,
              "state": "skipped",
              "speed": null,
              "pass": false,
              "fail": false,
              "pending": false,
              "context": null,
              "code": "sharedElements.clickFavoriteIcon();\nsharedElements.signInModalBox().should(\"exist\").and(\"be.visible\"); // ✅ Checks both existence and visibility",
              "err": {},
              "uuid": "75b2daed-bc36-4a66-9652-496087f4d8be",
              "parentUUID": "9cc4b227-16d2-4aa3-a0bc-8ac3797b7b3f",
              "isHook": false,
              "skipped": true
            },
            {
              "title": "Should not allow guest user to save search",
              "fullTitle": "🏠 Listing Page Test Suite Should not allow guest user to save search",
              "timedOut": null,
              "duration": 0,
              "state": "skipped",
              "speed": null,
              "pass": false,
              "fail": false,
              "pending": false,
              "context": null,
              "code": "sharedElements.saveSearch();\nsharedElements.signInModalBox().should(\"exist\").and(\"be.visible\"); // ✅ Good UI validation",
              "err": {},
              "uuid": "38090cb2-8e79-455a-bd95-e81cd00dbabb",
              "parentUUID": "9cc4b227-16d2-4aa3-a0bc-8ac3797b7b3f",
              "isHook": false,
              "skipped": true
            }
          ],
          "suites": [],
          "passes": [],
          "failures": [
            "0fb3b669-60ee-440f-b22a-af27cab0d14e"
          ],
          "pending": [],
          "skipped": [
            "3068ee8d-3448-45a3-924d-bf4397c4a002",
            "75b2daed-bc36-4a66-9652-496087f4d8be",
            "38090cb2-8e79-455a-bd95-e81cd00dbabb"
          ],
          "duration": 141,
          "root": false,
          "rootEmpty": false,
          "_timeout": 2000
        },
        {
          "uuid": "df823f63-bb62-4ce8-8854-2a4767258d3b",
          "title": "Listing Page - Logged-In User",
          "fullFile": "",
          "file": "",
          "beforeHooks": [],
          "afterHooks": [],
          "tests": [
            {
              "title": "Should allow the user to save search with location",
              "fullTitle": "Listing Page - Logged-In User Should allow the user to save search with location",
              "timedOut": null,
              "duration": 0,
              "state": "skipped",
              "speed": null,
              "pass": false,
              "fail": false,
              "pending": false,
              "context": null,
              "code": "sharedElements.typeLocation(listingPageData.propertyLocation);\nsharedElements.saveSearch();\nsharedElements.savedSearchText().then(text => {\n  let savedSearchText = text.trim();\n  expect(savedSearchText).to.be.eq(\"Search saved\"); // ✅ Text-based confirmation\n});",
              "err": {},
              "uuid": "08da0233-6897-4f16-a070-1c280043a6d9",
              "parentUUID": null,
              "isHook": false,
              "skipped": true
            },
            {
              "title": "Should allow user to mark the listing as favorite",
              "fullTitle": "Listing Page - Logged-In User Should allow user to mark the listing as favorite",
              "timedOut": null,
              "duration": 0,
              "state": "skipped",
              "speed": null,
              "pass": false,
              "fail": false,
              "pending": false,
              "context": null,
              "code": "listingPage.clickHeartIcon(listingPageData.listingAddress); // ✅ POM for targeting by address\nlistingPage.getFavoriteMarkedHeartIcon(listingPageData.listingAddress).should('be.visible');\ncy.visit('/saved-properties');\nsavedProperties.getPrimaryList();\nlistingPage.getFavoriteMarkedHeartIcon(listingPageData.listingAddress).should('be.visible'); //",
              "err": {},
              "uuid": "d0f24d1f-ef84-46d5-bcd3-3d5f9f8cb93d",
              "parentUUID": null,
              "isHook": false,
              "skipped": true
            }
          ],
          "suites": [],
          "passes": [],
          "failures": [],
          "pending": [],
          "skipped": [
            "08da0233-6897-4f16-a070-1c280043a6d9",
            "d0f24d1f-ef84-46d5-bcd3-3d5f9f8cb93d"
          ],
          "duration": 0,
          "root": false,
          "rootEmpty": false,
          "_timeout": 2000
        }
      ],
      "passes": [],
      "failures": [],
      "pending": [],
      "skipped": [],
      "duration": 0,
      "root": true,
      "rootEmpty": true,
      "_timeout": 2000
    }
  ],
  "meta": {
    "mocha": {
      "version": "7.0.1"
    },
    "mochawesome": {
      "options": {
        "quiet": false,
        "reportFilename": "mochawesome",
        "saveHtml": false,
        "saveJson": true,
        "consoleReporter": "spec",
        "useInlineDiffs": false,
        "code": true
      },
      "version": "7.1.3"
    },
    "marge": {
      "options": {
        "overwrite": false,
        "html": false,
        "json": true,
        "reportDir": "cypress/reports/html/.jsons"
      },
      "version": "6.2.0"
    }
  }
}