{
  "stats": {
    "suites": 2,
    "tests": 5,
    "passes": 5,
    "pending": 0,
    "failures": 0,
    "start": "2025-05-18T11:08:42.149Z",
    "end": "2025-05-18T11:09:12.627Z",
    "duration": 30478,
    "testsRegistered": 5,
    "passPercent": 100,
    "pendingPercent": 0,
    "other": 0,
    "hasOther": false,
    "skipped": 0,
    "hasSkipped": false
  },
  "results": [
    {
      "uuid": "03cccd3c-db4c-478b-9f4b-794e90235812",
      "title": "",
      "fullFile": "cypress/e2e/dashboard-test.cy.js",
      "file": "cypress/e2e/dashboard-test.cy.js",
      "beforeHooks": [],
      "afterHooks": [],
      "tests": [],
      "suites": [
        {
          "uuid": "9cd80b4a-0172-4925-a734-16fd23380b39",
          "title": "👤 Authenticated User — Dashboard Test Suite",
          "fullFile": "",
          "file": "",
          "beforeHooks": [],
          "afterHooks": [],
          "tests": [
            {
              "title": "should display the correct user name on the dashboard",
              "fullTitle": "👤 Authenticated User — Dashboard Test Suite should display the correct user name on the dashboard",
              "timedOut": null,
              "duration": 11597,
              "state": "passed",
              "speed": "slow",
              "pass": true,
              "fail": false,
              "pending": false,
              "context": null,
              "code": "// 💡 Optional: use `contain.text` if there's formatting around the name\ndashboardPage.getUserName().should('have.text', 'Danish Mustafa');",
              "err": {},
              "uuid": "18f0ca0e-53e7-44f2-a5cc-6c5e13013ee2",
              "parentUUID": "9cd80b4a-0172-4925-a734-16fd23380b39",
              "isHook": false,
              "skipped": false
            },
            {
              "title": "should display the Saved Properties section",
              "fullTitle": "👤 Authenticated User — Dashboard Test Suite should display the Saved Properties section",
              "timedOut": null,
              "duration": 4997,
              "state": "passed",
              "speed": "fast",
              "pass": true,
              "fail": false,
              "pending": false,
              "context": null,
              "code": "dashboardPage.getOptionCard(section).should('be.visible');",
              "err": {},
              "uuid": "252b3881-7df6-4b75-9806-b4acfbac1f4d",
              "parentUUID": "9cd80b4a-0172-4925-a734-16fd23380b39",
              "isHook": false,
              "skipped": false
            },
            {
              "title": "should display the Hidden Properties section",
              "fullTitle": "👤 Authenticated User — Dashboard Test Suite should display the Hidden Properties section",
              "timedOut": null,
              "duration": 4571,
              "state": "passed",
              "speed": "fast",
              "pass": true,
              "fail": false,
              "pending": false,
              "context": null,
              "code": "dashboardPage.getOptionCard(section).should('be.visible');",
              "err": {},
              "uuid": "33aebb99-04db-4d68-a9eb-69713f0e2903",
              "parentUUID": "9cd80b4a-0172-4925-a734-16fd23380b39",
              "isHook": false,
              "skipped": false
            },
            {
              "title": "should display the Saved Searches section",
              "fullTitle": "👤 Authenticated User — Dashboard Test Suite should display the Saved Searches section",
              "timedOut": null,
              "duration": 4982,
              "state": "passed",
              "speed": "fast",
              "pass": true,
              "fail": false,
              "pending": false,
              "context": null,
              "code": "dashboardPage.getOptionCard(section).should('be.visible');",
              "err": {},
              "uuid": "8d7b303d-3c2d-49c9-8f67-be7118e1809c",
              "parentUUID": "9cd80b4a-0172-4925-a734-16fd23380b39",
              "isHook": false,
              "skipped": false
            }
          ],
          "suites": [],
          "passes": [
            "18f0ca0e-53e7-44f2-a5cc-6c5e13013ee2",
            "252b3881-7df6-4b75-9806-b4acfbac1f4d",
            "33aebb99-04db-4d68-a9eb-69713f0e2903",
            "8d7b303d-3c2d-49c9-8f67-be7118e1809c"
          ],
          "failures": [],
          "pending": [],
          "skipped": [],
          "duration": 26147,
          "root": false,
          "rootEmpty": false,
          "_timeout": 2000
        },
        {
          "uuid": "24729415-aba4-45d7-8178-111abbb220cb",
          "title": "🚫 Guest User — Dashboard Access Restriction",
          "fullFile": "",
          "file": "",
          "beforeHooks": [],
          "afterHooks": [],
          "tests": [
            {
              "title": "should redirect unauthenticated user to sign-in page",
              "fullTitle": "🚫 Guest User — Dashboard Access Restriction should redirect unauthenticated user to sign-in page",
              "timedOut": null,
              "duration": 4187,
              "state": "passed",
              "speed": "fast",
              "pass": true,
              "fail": false,
              "pending": false,
              "context": null,
              "code": "cy.url().should('include', '/sign-in');",
              "err": {},
              "uuid": "c3c32381-2796-47c2-935d-c0f7e6ae8f0f",
              "parentUUID": "24729415-aba4-45d7-8178-111abbb220cb",
              "isHook": false,
              "skipped": false
            }
          ],
          "suites": [],
          "passes": [
            "c3c32381-2796-47c2-935d-c0f7e6ae8f0f"
          ],
          "failures": [],
          "pending": [],
          "skipped": [],
          "duration": 4187,
          "root": false,
          "rootEmpty": false,
          "_timeout": 2000
        }
      ],
      "passes": [],
      "failures": [],
      "pending": [],
      "skipped": [],
      "duration": 0,
      "root": true,
      "rootEmpty": true,
      "_timeout": 2000
    }
  ],
  "meta": {
    "mocha": {
      "version": "7.0.1"
    },
    "mochawesome": {
      "options": {
        "quiet": false,
        "reportFilename": "mochawesome",
        "saveHtml": false,
        "saveJson": true,
        "consoleReporter": "spec",
        "useInlineDiffs": false,
        "code": true
      },
      "version": "7.1.3"
    },
    "marge": {
      "options": {
        "overwrite": false,
        "html": false,
        "json": true,
        "reportDir": "cypress/reports/html/.jsons"
      },
      "version": "6.2.0"
    }
  }
}