{
  "stats": {
    "suites": 1,
    "tests": 1,
    "passes": 0,
    "pending": 0,
    "failures": 1,
    "start": "2025-05-19T07:11:27.548Z",
    "end": "2025-05-19T07:11:37.056Z",
    "duration": 9508,
    "testsRegistered": 1,
    "passPercent": 0,
    "pendingPercent": 0,
    "other": 0,
    "hasOther": false,
    "skipped": 0,
    "hasSkipped": false
  },
  "results": [
    {
      "uuid": "fa47b061-28d6-4a0e-b0ac-d96b0aee391f",
      "title": "",
      "fullFile": "cypress/e2e/sign-up-test.cy.js",
      "file": "cypress/e2e/sign-up-test.cy.js",
      "beforeHooks": [],
      "afterHooks": [],
      "tests": [],
      "suites": [
        {
          "uuid": "c726f3a6-0cf1-4aab-a089-e990b0f29c08",
          "title": "Sign up test suit",
          "fullFile": "",
          "file": "",
          "beforeHooks": [],
          "afterHooks": [],
          "tests": [
            {
              "title": "Sign up with valid user information",
              "fullTitle": "Sign up test suit Sign up with valid user information",
              "timedOut": null,
              "duration": 9472,
              "state": "failed",
              "speed": null,
              "pass": false,
              "fail": true,
              "pending": false,
              "context": null,
              "code": "signUp.firstname(firstname);\nsignUp.lastname(lastname);\nsignUp.email(email);\nsignUp.password(password);\nsignUp.agreementCheckBox();\nsignUp.createAccountBtn();\nsignUp.resendEmailBtn().should('be.visible');",
              "err": {
                "message": "AssertionError: Timed out retrying after 4000ms: Expected to find element: `input[placeholder=\"First Name\"]`, but never found it.",
                "estack": "AssertionError: Timed out retrying after 4000ms: Expected to find element: `input[placeholder=\"First Name\"]`, but never found it.\n    at Signup.firstname (webpack://ggmstestautomation/./cypress/support/pages/sign-up-page.js:9:7)\n    at Context.eval (webpack://ggmstestautomation/./cypress/e2e/sign-up-test.cy.js:21:15)",
                "diff": null
              },
              "uuid": "15057131-8bb3-44dd-b308-cabd84a15c49",
              "parentUUID": "c726f3a6-0cf1-4aab-a089-e990b0f29c08",
              "isHook": false,
              "skipped": false
            }
          ],
          "suites": [],
          "passes": [],
          "failures": [
            "15057131-8bb3-44dd-b308-cabd84a15c49"
          ],
          "pending": [],
          "skipped": [],
          "duration": 9472,
          "root": false,
          "rootEmpty": false,
          "_timeout": 2000
        }
      ],
      "passes": [],
      "failures": [],
      "pending": [],
      "skipped": [],
      "duration": 0,
      "root": true,
      "rootEmpty": true,
      "_timeout": 2000
    }
  ],
  "meta": {
    "mocha": {
      "version": "7.0.1"
    },
    "mochawesome": {
      "options": {
        "quiet": false,
        "reportFilename": "mochawesome",
        "saveHtml": false,
        "saveJson": true,
        "consoleReporter": "spec",
        "useInlineDiffs": false,
        "code": true
      },
      "version": "7.1.3"
    },
    "marge": {
      "options": {
        "overwrite": false,
        "html": false,
        "json": true,
        "reportDir": "cypress/reports/html/.jsons"
      },
      "version": "6.2.0"
    }
  }
}