{
  "stats": {
    "suites": 1,
    "tests": 8,
    "passes": 8,
    "pending": 0,
    "failures": 0,
    "start": "2025-05-19T07:10:57.296Z",
    "end": "2025-05-19T07:11:24.361Z",
    "duration": 27065,
    "testsRegistered": 8,
    "passPercent": 100,
    "pendingPercent": 0,
    "other": 0,
    "hasOther": false,
    "skipped": 0,
    "hasSkipped": false
  },
  "results": [
    {
      "uuid": "8b91d98f-37d5-4206-b7b1-21e561c8753e",
      "title": "",
      "fullFile": "cypress/e2e/sign-in-test.cy.js",
      "file": "cypress/e2e/sign-in-test.cy.js",
      "beforeHooks": [],
      "afterHooks": [],
      "tests": [],
      "suites": [
        {
          "uuid": "70b5714d-55c5-45dd-a6c1-0bbbd142f466",
          "title": "GGMS - SIGN IN TEST SUITE",
          "fullFile": "",
          "file": "",
          "beforeHooks": [],
          "afterHooks": [],
          "tests": [
            {
              "title": "✅ User should be able to login successfully",
              "fullTitle": "GGMS - SIGN IN TEST SUITE ✅ User should be able to login successfully",
              "timedOut": null,
              "duration": 9205,
              "state": "passed",
              "speed": "medium",
              "pass": true,
              "fail": false,
              "pending": false,
              "context": null,
              "code": "signInPage.login(userData.emailAddress, userData.password);\ncy.url().should(\"include\", \"/dashboard\");",
              "err": {},
              "uuid": "3fa55096-38a8-4acc-b142-347573b3f7f0",
              "parentUUID": "70b5714d-55c5-45dd-a6c1-0bbbd142f466",
              "isHook": false,
              "skipped": false
            },
            {
              "title": "❌ User should not be allowed to login with an invalid email address format",
              "fullTitle": "GGMS - SIGN IN TEST SUITE ❌ User should not be allowed to login with an invalid email address format",
              "timedOut": null,
              "duration": 2776,
              "state": "passed",
              "speed": "fast",
              "pass": true,
              "fail": false,
              "pending": false,
              "context": null,
              "code": "signInPage.login(userData.invalidEmailAddress, userData.password);\nsignInPage.getErrorMessage().should(\"have.text\", \" Email must be an email\");",
              "err": {},
              "uuid": "b0f9bc73-cdaa-46bd-b69a-d5d91887bb5d",
              "parentUUID": "70b5714d-55c5-45dd-a6c1-0bbbd142f466",
              "isHook": false,
              "skipped": false
            },
            {
              "title": "❌ User should not be allowed to login with an incorrect password",
              "fullTitle": "GGMS - SIGN IN TEST SUITE ❌ User should not be allowed to login with an incorrect password",
              "timedOut": null,
              "duration": 3057,
              "state": "passed",
              "speed": "fast",
              "pass": true,
              "fail": false,
              "pending": false,
              "context": null,
              "code": "signInPage.login(userData.emailAddress, userData.incorrectPassword);\nsignInPage.getErrorMessage().should(\"have.text\", \" Incorrect email or password. Please try again.\");",
              "err": {},
              "uuid": "dfb7bbdb-220f-440c-ab7b-8f2fe7d9921d",
              "parentUUID": "70b5714d-55c5-45dd-a6c1-0bbbd142f466",
              "isHook": false,
              "skipped": false
            },
            {
              "title": "❌ User should not be allowed to login with an incorrect email address",
              "fullTitle": "GGMS - SIGN IN TEST SUITE ❌ User should not be allowed to login with an incorrect email address",
              "timedOut": null,
              "duration": 2633,
              "state": "passed",
              "speed": "fast",
              "pass": true,
              "fail": false,
              "pending": false,
              "context": null,
              "code": "signInPage.login(userData.incorrectEmailAddress, userData.password);\nsignInPage.getErrorMessage().should(\"have.text\", \" Incorrect email or password. Please try again.\");",
              "err": {},
              "uuid": "ce0bfe14-ef2a-4857-b3df-3450f172e666",
              "parentUUID": "70b5714d-55c5-45dd-a6c1-0bbbd142f466",
              "isHook": false,
              "skipped": false
            },
            {
              "title": "❌ User should not be allowed to login without a password",
              "fullTitle": "GGMS - SIGN IN TEST SUITE ❌ User should not be allowed to login without a password",
              "timedOut": null,
              "duration": 2411,
              "state": "passed",
              "speed": "fast",
              "pass": true,
              "fail": false,
              "pending": false,
              "context": null,
              "code": "signInPage.getUsernameField().type(userData.emailAddress);\nsignInPage.getLoginButton().click();\nsignInPage.getErrorMessage().should(\"have.text\", \" Email and password are required\");",
              "err": {},
              "uuid": "6a3b4894-962b-4b7d-9656-1183ed6ce000",
              "parentUUID": "70b5714d-55c5-45dd-a6c1-0bbbd142f466",
              "isHook": false,
              "skipped": false
            },
            {
              "title": "🔗 Verify 'Recover Password' button visibility and text",
              "fullTitle": "GGMS - SIGN IN TEST SUITE 🔗 Verify 'Recover Password' button visibility and text",
              "timedOut": null,
              "duration": 1781,
              "state": "passed",
              "speed": "fast",
              "pass": true,
              "fail": false,
              "pending": false,
              "context": null,
              "code": "signInPage.getForgotPasswordLink().should(\"be.visible\").invoke(\"text\").then(btnText => {\n  expect(btnText.trim()).to.eq(\"Recover Password\");\n});",
              "err": {},
              "uuid": "def10d6a-9198-4f56-9c54-b7f9a4bbd3b7",
              "parentUUID": "70b5714d-55c5-45dd-a6c1-0bbbd142f466",
              "isHook": false,
              "skipped": false
            },
            {
              "title": "🔒 Verify Google account button visibility",
              "fullTitle": "GGMS - SIGN IN TEST SUITE 🔒 Verify Google account button visibility",
              "timedOut": null,
              "duration": 1748,
              "state": "passed",
              "speed": "fast",
              "pass": true,
              "fail": false,
              "pending": false,
              "context": null,
              "code": "signInPage.getGoogleAccountButton().should(\"be.visible\");",
              "err": {},
              "uuid": "5681b889-a961-4459-9697-068105edb99c",
              "parentUUID": "70b5714d-55c5-45dd-a6c1-0bbbd142f466",
              "isHook": false,
              "skipped": false
            },
            {
              "title": "➡️ Verify navigation to 'Recover Password' page",
              "fullTitle": "GGMS - SIGN IN TEST SUITE ➡️ Verify navigation to 'Recover Password' page",
              "timedOut": null,
              "duration": 3189,
              "state": "passed",
              "speed": "fast",
              "pass": true,
              "fail": false,
              "pending": false,
              "context": null,
              "code": "signInPage.getForgotPasswordLink().click();\ncy.url().should(\"include\", \"/recover-password\");",
              "err": {},
              "uuid": "75e74af1-8096-4e6e-b5e5-de9a0e1a135d",
              "parentUUID": "70b5714d-55c5-45dd-a6c1-0bbbd142f466",
              "isHook": false,
              "skipped": false
            }
          ],
          "suites": [],
          "passes": [
            "3fa55096-38a8-4acc-b142-347573b3f7f0",
            "b0f9bc73-cdaa-46bd-b69a-d5d91887bb5d",
            "dfb7bbdb-220f-440c-ab7b-8f2fe7d9921d",
            "ce0bfe14-ef2a-4857-b3df-3450f172e666",
            "6a3b4894-962b-4b7d-9656-1183ed6ce000",
            "def10d6a-9198-4f56-9c54-b7f9a4bbd3b7",
            "5681b889-a961-4459-9697-068105edb99c",
            "75e74af1-8096-4e6e-b5e5-de9a0e1a135d"
          ],
          "failures": [],
          "pending": [],
          "skipped": [],
          "duration": 26800,
          "root": false,
          "rootEmpty": false,
          "_timeout": 2000
        }
      ],
      "passes": [],
      "failures": [],
      "pending": [],
      "skipped": [],
      "duration": 0,
      "root": true,
      "rootEmpty": true,
      "_timeout": 2000
    }
  ],
  "meta": {
    "mocha": {
      "version": "7.0.1"
    },
    "mochawesome": {
      "options": {
        "quiet": false,
        "reportFilename": "mochawesome",
        "saveHtml": false,
        "saveJson": true,
        "consoleReporter": "spec",
        "useInlineDiffs": false,
        "code": true
      },
      "version": "7.1.3"
    },
    "marge": {
      "options": {
        "overwrite": false,
        "html": false,
        "json": true,
        "reportDir": "cypress/reports/html/.jsons"
      },
      "version": "6.2.0"
    }
  }
}