{
  "stats": {
    "suites": 1,
    "tests": 2,
    "passes": 2,
    "pending": 0,
    "failures": 0,
    "start": "2025-05-19T07:10:20.735Z",
    "end": "2025-05-19T07:10:36.929Z",
    "duration": 16194,
    "testsRegistered": 2,
    "passPercent": 100,
    "pendingPercent": 0,
    "other": 0,
    "hasOther": false,
    "skipped": 0,
    "hasSkipped": false
  },
  "results": [
    {
      "uuid": "7ee061cb-a65a-423c-94b1-055fb1a7fb76",
      "title": "",
      "fullFile": "cypress/e2e/map-view.cy.js",
      "file": "cypress/e2e/map-view.cy.js",
      "beforeHooks": [],
      "afterHooks": [],
      "tests": [],
      "suites": [
        {
          "uuid": "e6bfc1f8-afe8-483a-aeb3-9f7eb0f2d0a3",
          "title": "🗺️ Map View — Test Suite",
          "fullFile": "",
          "file": "",
          "beforeHooks": [],
          "afterHooks": [],
          "tests": [
            {
              "title": "should display the map view when user toggles from list view",
              "fullTitle": "🗺️ Map View — Test Suite should display the map view when user toggles from list view",
              "timedOut": null,
              "duration": 9287,
              "state": "passed",
              "speed": "medium",
              "pass": true,
              "fail": false,
              "pending": false,
              "context": null,
              "code": "mapPage.mapView().should('be.visible'); // Assert that the map view is visible",
              "err": {},
              "uuid": "3a022ff7-1711-41c3-94d1-0a2315ee5c1e",
              "parentUUID": "e6bfc1f8-afe8-483a-aeb3-9f7eb0f2d0a3",
              "isHook": false,
              "skipped": false
            },
            {
              "title": "should search for \"Orlando\" and display property markers inside the boundary",
              "fullTitle": "🗺️ Map View — Test Suite should search for \"Orlando\" and display property markers inside the boundary",
              "timedOut": null,
              "duration": 6463,
              "state": "passed",
              "speed": "medium",
              "pass": true,
              "fail": false,
              "pending": false,
              "context": null,
              "code": "sharedElements.typeLocation('Orlando'); // Enter location into search field\n// Verify that property markers are visible and there is at least one result\nmapPage.propertyMarkers().should('exist') // At least one marker exists\n.and('have.length.at.least', 1) // Ensure there's at least one marker\n.and('be.visible'); // Ensure markers are visible\n// Verify that boundary polygon is drawn around the searched area\nmapPage.boundaryPolygon().should('exist'); // Assert that boundary is present",
              "err": {},
              "uuid": "6f178492-eebf-4c01-863d-8a0838bf9d6d",
              "parentUUID": "e6bfc1f8-afe8-483a-aeb3-9f7eb0f2d0a3",
              "isHook": false,
              "skipped": false
            }
          ],
          "suites": [],
          "passes": [
            "3a022ff7-1711-41c3-94d1-0a2315ee5c1e",
            "6f178492-eebf-4c01-863d-8a0838bf9d6d"
          ],
          "failures": [],
          "pending": [],
          "skipped": [],
          "duration": 15750,
          "root": false,
          "rootEmpty": false,
          "_timeout": 2000
        }
      ],
      "passes": [],
      "failures": [],
      "pending": [],
      "skipped": [],
      "duration": 0,
      "root": true,
      "rootEmpty": true,
      "_timeout": 2000
    }
  ],
  "meta": {
    "mocha": {
      "version": "7.0.1"
    },
    "mochawesome": {
      "options": {
        "quiet": false,
        "reportFilename": "mochawesome",
        "saveHtml": false,
        "saveJson": true,
        "consoleReporter": "spec",
        "useInlineDiffs": false,
        "code": true
      },
      "version": "7.1.3"
    },
    "marge": {
      "options": {
        "overwrite": false,
        "html": false,
        "json": true,
        "reportDir": "cypress/reports/html/.jsons"
      },
      "version": "6.2.0"
    }
  }
}