{
  "stats": {
    "suites": 1,
    "tests": 1,
    "passes": 0,
    "pending": 0,
    "failures": 1,
    "start": "2025-09-26T13:34:53.283Z",
    "end": "2025-09-26T13:34:54.598Z",
    "duration": 1315,
    "testsRegistered": 2,
    "passPercent": 0,
    "pendingPercent": 0,
    "other": 1,
    "hasOther": true,
    "skipped": 1,
    "hasSkipped": true
  },
  "results": [
    {
      "uuid": "4fab0b25-f0ef-4212-92df-26cc03932d4e",
      "title": "",
      "fullFile": "cypress/e2e/publicPages/landing-test.cy.js",
      "file": "cypress/e2e/publicPages/landing-test.cy.js",
      "beforeHooks": [],
      "afterHooks": [],
      "tests": [],
      "suites": [
        {
          "uuid": "7bcb7805-76a8-469a-9c7c-9012fa5506b0",
          "title": "Landing page test suite",
          "fullFile": "",
          "file": "",
          "beforeHooks": [],
          "afterHooks": [],
          "tests": [
            {
              "title": "Verify user can see advance search widget on landing page",
              "fullTitle": "Landing page test suite Verify user can see advance search widget on landing page",
              "timedOut": null,
              "duration": 171,
              "state": "failed",
              "speed": null,
              "pass": false,
              "fail": true,
              "pending": false,
              "context": null,
              "code": "landingPage.advanceSearchWidget().should(\"be.visible\");",
              "err": {
                "message": "CypressError: `cy.task('prepareArchives')` failed with the following error:\n\nThe task 'prepareArchives' was not handled in the setupNodeEvents method. The following tasks are registered: reportAllureCypressSpecMessages, reportFinalAllureCypressSpecMessages\n\nFix this in your setupNodeEvents method here:\n/Users/apple/Desktop/ggmsTestAutomation/cypress.config.dev.js\n\nhttps://on.cypress.io/api/task\n\nBecause this error occurred during a `after each` hook we are skipping all of the remaining tests.",
                "estack": "CypressError: `cy.task('prepareArchives')` failed with the following error:\n\nThe task 'prepareArchives' was not handled in the setupNodeEvents method. The following tasks are registered: reportAllureCypressSpecMessages, reportFinalAllureCypressSpecMessages\n\nFix this in your setupNodeEvents method here:\n/Users/apple/Desktop/ggmsTestAutomation/cypress.config.dev.js\n\nhttps://on.cypress.io/api/task\n\nBecause this error occurred during a `after each` hook we are skipping all of the remaining tests.\n    at <unknown> (https://forge-com.site-dev.ggms.com/__cypress/runner/cypress_runner.js:135843:72)\n    at tryCatcher (https://forge-com.site-dev.ggms.com/__cypress/runner/cypress_runner.js:1777:23)\n    at Promise._settlePromiseFromHandler (https://forge-com.site-dev.ggms.com/__cypress/runner/cypress_runner.js:1489:31)\n    at Promise._settlePromise (https://forge-com.site-dev.ggms.com/__cypress/runner/cypress_runner.js:1546:18)\n    at Promise._settlePromise0 (https://forge-com.site-dev.ggms.com/__cypress/runner/cypress_runner.js:1591:10)\n    at Promise._settlePromises (https://forge-com.site-dev.ggms.com/__cypress/runner/cypress_runner.js:1667:18)\n    at _drainQueueStep (https://forge-com.site-dev.ggms.com/__cypress/runner/cypress_runner.js:2377:12)\n    at _drainQueue (https://forge-com.site-dev.ggms.com/__cypress/runner/cypress_runner.js:2370:9)\n    at Async._drainQueues (https://forge-com.site-dev.ggms.com/__cypress/runner/cypress_runner.js:2386:5)\n    at Async.drainQueues (https://forge-com.site-dev.ggms.com/__cypress/runner/cypress_runner.js:2256:14)\nFrom Your Spec Code:\n    at Context.eval (webpack://ggmstestautomation/./node_modules/@chromatic-com/cypress/dist/support.js:5:1844)\n    at getRet (https://forge-com.site-dev.ggms.com/__cypress/runner/cypress_runner.js:118318:20)\n    at tryCatcher (https://forge-com.site-dev.ggms.com/__cypress/runner/cypress_runner.js:1777:23)\n    at Promise.attempt.Promise.try (https://forge-com.site-dev.ggms.com/__cypress/runner/cypress_runner.js:4285:29)\n    at Context.thenFn (https://forge-com.site-dev.ggms.com/__cypress/runner/cypress_runner.js:118329:66)\n    at Context.then (https://forge-com.site-dev.ggms.com/__cypress/runner/cypress_runner.js:118580:21)\n    at wrapped (https://forge-com.site-dev.ggms.com/__cypress/runner/cypress_runner.js:138827:19)",
                "diff": null
              },
              "uuid": "c8de47d8-7536-47c1-af3c-72c06b7f8615",
              "parentUUID": "7bcb7805-76a8-469a-9c7c-9012fa5506b0",
              "isHook": false,
              "skipped": false
            },
            {
              "title": "Verify user navigation on location selection",
              "fullTitle": "Landing page test suite Verify user navigation on location selection",
              "timedOut": null,
              "duration": 0,
              "state": "skipped",
              "speed": null,
              "pass": false,
              "fail": false,
              "pending": false,
              "context": null,
              "code": "landingPage.typeLocation(landingPageTestData.propertyLocation);\ncy.url().should(\"include\", `/listings/city/${landingPageTestData.propertyLocation}`);",
              "err": {},
              "uuid": "ca17d631-75ad-424e-9e63-76a9c19c03a7",
              "parentUUID": "7bcb7805-76a8-469a-9c7c-9012fa5506b0",
              "isHook": false,
              "skipped": true
            }
          ],
          "suites": [],
          "passes": [],
          "failures": [
            "c8de47d8-7536-47c1-af3c-72c06b7f8615"
          ],
          "pending": [],
          "skipped": [
            "ca17d631-75ad-424e-9e63-76a9c19c03a7"
          ],
          "duration": 171,
          "root": false,
          "rootEmpty": false,
          "_timeout": 2000
        }
      ],
      "passes": [],
      "failures": [],
      "pending": [],
      "skipped": [],
      "duration": 0,
      "root": true,
      "rootEmpty": true,
      "_timeout": 2000
    }
  ],
  "meta": {
    "mocha": {
      "version": "7.0.1"
    },
    "mochawesome": {
      "options": {
        "quiet": false,
        "reportFilename": "mochawesome",
        "saveHtml": false,
        "saveJson": true,
        "consoleReporter": "spec",
        "useInlineDiffs": false,
        "code": true
      },
      "version": "7.1.3"
    },
    "marge": {
      "options": {
        "overwrite": false,
        "html": false,
        "json": true,
        "reportDir": "cypress/reports/html/.jsons"
      },
      "version": "6.2.0"
    }
  }
}