{
  "stats": {
    "suites": 1,
    "tests": 1,
    "passes": 0,
    "pending": 0,
    "failures": 1,
    "start": "2025-09-08T08:05:43.006Z",
    "end": "2025-09-08T08:05:44.236Z",
    "duration": 1230,
    "testsRegistered": 6,
    "passPercent": 0,
    "pendingPercent": 0,
    "other": 1,
    "hasOther": true,
    "skipped": 5,
    "hasSkipped": true
  },
  "results": [
    {
      "uuid": "0d6be06b-3adb-4509-9813-c767a8531f89",
      "title": "",
      "fullFile": "cypress/e2e/privatePages/dashboard-test.cy.js",
      "file": "cypress/e2e/privatePages/dashboard-test.cy.js",
      "beforeHooks": [],
      "afterHooks": [],
      "tests": [],
      "suites": [
        {
          "uuid": "b36672f8-57a9-46c4-8aaa-fd58b64b288f",
          "title": "👤 Authenticated User — Dashboard Test Suite",
          "fullFile": "",
          "file": "",
          "beforeHooks": [],
          "afterHooks": [],
          "tests": [
            {
              "title": "should display the correct user name on the dashboard",
              "fullTitle": "👤 Authenticated User — Dashboard Test Suite should display the correct user name on the dashboard",
              "timedOut": null,
              "duration": 186,
              "state": "failed",
              "speed": null,
              "pass": false,
              "fail": true,
              "pending": false,
              "context": null,
              "code": "// 💡 Optional: use `contain.text` if there's formatting around the name\ndashboardPage.getUserName().should(\"have.text\", \"Danish Mustafa\");",
              "err": {
                "message": "CypressError: `cy.task('prepareArchives')` failed with the following error:\n\nThe task 'prepareArchives' was not handled in the setupNodeEvents method. The following tasks are registered: reportAllureCypressSpecMessages, reportFinalAllureCypressSpecMessages\n\nFix this in your setupNodeEvents method here:\n/Users/apple/Desktop/ggmsTestAutomation/cypress.config.js\n\nhttps://on.cypress.io/api/task\n\nBecause this error occurred during a `after each` hook we are skipping all of the remaining tests.",
                "estack": "CypressError: `cy.task('prepareArchives')` failed with the following error:\n\nThe task 'prepareArchives' was not handled in the setupNodeEvents method. The following tasks are registered: reportAllureCypressSpecMessages, reportFinalAllureCypressSpecMessages\n\nFix this in your setupNodeEvents method here:\n/Users/apple/Desktop/ggmsTestAutomation/cypress.config.js\n\nhttps://on.cypress.io/api/task\n\nBecause this error occurred during a `after each` hook we are skipping all of the remaining tests.\n    at <unknown> (https://mergestack-com.site-dev.ggms.com/__cypress/runner/cypress_runner.js:135843:72)\n    at tryCatcher (https://mergestack-com.site-dev.ggms.com/__cypress/runner/cypress_runner.js:1777:23)\n    at Promise._settlePromiseFromHandler (https://mergestack-com.site-dev.ggms.com/__cypress/runner/cypress_runner.js:1489:31)\n    at Promise._settlePromise (https://mergestack-com.site-dev.ggms.com/__cypress/runner/cypress_runner.js:1546:18)\n    at Promise._settlePromise0 (https://mergestack-com.site-dev.ggms.com/__cypress/runner/cypress_runner.js:1591:10)\n    at Promise._settlePromises (https://mergestack-com.site-dev.ggms.com/__cypress/runner/cypress_runner.js:1667:18)\n    at _drainQueueStep (https://mergestack-com.site-dev.ggms.com/__cypress/runner/cypress_runner.js:2377:12)\n    at _drainQueue (https://mergestack-com.site-dev.ggms.com/__cypress/runner/cypress_runner.js:2370:9)\n    at Async._drainQueues (https://mergestack-com.site-dev.ggms.com/__cypress/runner/cypress_runner.js:2386:5)\n    at Async.drainQueues (https://mergestack-com.site-dev.ggms.com/__cypress/runner/cypress_runner.js:2256:14)\nFrom Your Spec Code:\n    at Context.eval (webpack://ggmstestautomation/./node_modules/@chromatic-com/cypress/dist/support.js:5:1844)\n    at getRet (https://mergestack-com.site-dev.ggms.com/__cypress/runner/cypress_runner.js:118318:20)\n    at tryCatcher (https://mergestack-com.site-dev.ggms.com/__cypress/runner/cypress_runner.js:1777:23)\n    at Promise.attempt.Promise.try (https://mergestack-com.site-dev.ggms.com/__cypress/runner/cypress_runner.js:4285:29)\n    at Context.thenFn (https://mergestack-com.site-dev.ggms.com/__cypress/runner/cypress_runner.js:118329:66)\n    at Context.then (https://mergestack-com.site-dev.ggms.com/__cypress/runner/cypress_runner.js:118580:21)\n    at wrapped (https://mergestack-com.site-dev.ggms.com/__cypress/runner/cypress_runner.js:138827:19)",
                "diff": null
              },
              "uuid": "b2b4a99b-1477-46ee-8b28-23f553cb5e0d",
              "parentUUID": "b36672f8-57a9-46c4-8aaa-fd58b64b288f",
              "isHook": false,
              "skipped": false
            },
            {
              "title": "should display the Saved Properties section",
              "fullTitle": "👤 Authenticated User — Dashboard Test Suite should display the Saved Properties section",
              "timedOut": null,
              "duration": 0,
              "state": "skipped",
              "speed": null,
              "pass": false,
              "fail": false,
              "pending": false,
              "context": null,
              "code": "dashboardPage.getOptionCard(section).should(\"be.visible\");",
              "err": {},
              "uuid": "2db98664-ae83-4ff0-a19c-d715f79daeb3",
              "parentUUID": "b36672f8-57a9-46c4-8aaa-fd58b64b288f",
              "isHook": false,
              "skipped": true
            },
            {
              "title": "should display the Hidden Properties section",
              "fullTitle": "👤 Authenticated User — Dashboard Test Suite should display the Hidden Properties section",
              "timedOut": null,
              "duration": 0,
              "state": "skipped",
              "speed": null,
              "pass": false,
              "fail": false,
              "pending": false,
              "context": null,
              "code": "dashboardPage.getOptionCard(section).should(\"be.visible\");",
              "err": {},
              "uuid": "ed1379c1-8471-476f-bb4f-abc1d91ca292",
              "parentUUID": "b36672f8-57a9-46c4-8aaa-fd58b64b288f",
              "isHook": false,
              "skipped": true
            },
            {
              "title": "should display the Saved Searches section",
              "fullTitle": "👤 Authenticated User — Dashboard Test Suite should display the Saved Searches section",
              "timedOut": null,
              "duration": 0,
              "state": "skipped",
              "speed": null,
              "pass": false,
              "fail": false,
              "pending": false,
              "context": null,
              "code": "dashboardPage.getOptionCard(section).should(\"be.visible\");",
              "err": {},
              "uuid": "0dae93fc-7295-4c58-a21e-f7275f48cb09",
              "parentUUID": "b36672f8-57a9-46c4-8aaa-fd58b64b288f",
              "isHook": false,
              "skipped": true
            },
            {
              "title": "Should allow user to navigate to edit profile screen",
              "fullTitle": "👤 Authenticated User — Dashboard Test Suite Should allow user to navigate to edit profile screen",
              "timedOut": null,
              "duration": 0,
              "state": "skipped",
              "speed": null,
              "pass": false,
              "fail": false,
              "pending": false,
              "context": null,
              "code": "dashboardPage.userProfileEditBtn();\ncy.url().should(\"include\", \"/edit-profile\");",
              "err": {},
              "uuid": "770064ba-8672-4454-923b-a9ee76c30d34",
              "parentUUID": "b36672f8-57a9-46c4-8aaa-fd58b64b288f",
              "isHook": false,
              "skipped": true
            },
            {
              "title": "Should allow user to see sign-out option",
              "fullTitle": "👤 Authenticated User — Dashboard Test Suite Should allow user to see sign-out option",
              "timedOut": null,
              "duration": 0,
              "state": "skipped",
              "speed": null,
              "pass": false,
              "fail": false,
              "pending": false,
              "context": null,
              "code": "dashboardPage.signout().should(\"be.visible\");",
              "err": {},
              "uuid": "8c2049f0-6888-4ac2-8318-2a61836cb352",
              "parentUUID": "b36672f8-57a9-46c4-8aaa-fd58b64b288f",
              "isHook": false,
              "skipped": true
            }
          ],
          "suites": [],
          "passes": [],
          "failures": [
            "b2b4a99b-1477-46ee-8b28-23f553cb5e0d"
          ],
          "pending": [],
          "skipped": [
            "2db98664-ae83-4ff0-a19c-d715f79daeb3",
            "ed1379c1-8471-476f-bb4f-abc1d91ca292",
            "0dae93fc-7295-4c58-a21e-f7275f48cb09",
            "770064ba-8672-4454-923b-a9ee76c30d34",
            "8c2049f0-6888-4ac2-8318-2a61836cb352"
          ],
          "duration": 186,
          "root": false,
          "rootEmpty": false,
          "_timeout": 2000
        }
      ],
      "passes": [],
      "failures": [],
      "pending": [],
      "skipped": [],
      "duration": 0,
      "root": true,
      "rootEmpty": true,
      "_timeout": 2000
    }
  ],
  "meta": {
    "mocha": {
      "version": "7.0.1"
    },
    "mochawesome": {
      "options": {
        "quiet": false,
        "reportFilename": "mochawesome",
        "saveHtml": false,
        "saveJson": true,
        "consoleReporter": "spec",
        "useInlineDiffs": false,
        "code": true
      },
      "version": "7.1.3"
    },
    "marge": {
      "options": {
        "overwrite": false,
        "html": false,
        "json": true,
        "reportDir": "cypress/reports/html/.jsons"
      },
      "version": "6.2.0"
    }
  }
}