{
  "stats": {
    "suites": 1,
    "tests": 1,
    "passes": 0,
    "pending": 0,
    "failures": 1,
    "start": "2025-09-08T08:05:55.803Z",
    "end": "2025-09-08T08:05:56.851Z",
    "duration": 1048,
    "testsRegistered": 2,
    "passPercent": 0,
    "pendingPercent": 0,
    "other": 1,
    "hasOther": true,
    "skipped": 1,
    "hasSkipped": true
  },
  "results": [
    {
      "uuid": "d78b96dc-fbc5-4e17-a234-fb54002d1e65",
      "title": "",
      "fullFile": "cypress/e2e/publicPages/map-view.cy.js",
      "file": "cypress/e2e/publicPages/map-view.cy.js",
      "beforeHooks": [],
      "afterHooks": [],
      "tests": [],
      "suites": [
        {
          "uuid": "53afbcba-59ca-4e43-a9c1-e8ca56fa237c",
          "title": "🗺️ Map View — Test Suite",
          "fullFile": "",
          "file": "",
          "beforeHooks": [],
          "afterHooks": [],
          "tests": [
            {
              "title": "should display the map view when user toggles from list view",
              "fullTitle": "🗺️ Map View — Test Suite should display the map view when user toggles from list view",
              "timedOut": null,
              "duration": 152,
              "state": "failed",
              "speed": null,
              "pass": false,
              "fail": true,
              "pending": false,
              "context": null,
              "code": "mapPage.mapView().should(\"be.visible\"); // Assert that the map view is visible",
              "err": {
                "message": "CypressError: `cy.task('prepareArchives')` failed with the following error:\n\nThe task 'prepareArchives' was not handled in the setupNodeEvents method. The following tasks are registered: reportAllureCypressSpecMessages, reportFinalAllureCypressSpecMessages\n\nFix this in your setupNodeEvents method here:\n/Users/apple/Desktop/ggmsTestAutomation/cypress.config.js\n\nhttps://on.cypress.io/api/task\n\nBecause this error occurred during a `after each` hook we are skipping all of the remaining tests.",
                "estack": "CypressError: `cy.task('prepareArchives')` failed with the following error:\n\nThe task 'prepareArchives' was not handled in the setupNodeEvents method. The following tasks are registered: reportAllureCypressSpecMessages, reportFinalAllureCypressSpecMessages\n\nFix this in your setupNodeEvents method here:\n/Users/apple/Desktop/ggmsTestAutomation/cypress.config.js\n\nhttps://on.cypress.io/api/task\n\nBecause this error occurred during a `after each` hook we are skipping all of the remaining tests.\n    at <unknown> (https://mergestack-com.site-dev.ggms.com/__cypress/runner/cypress_runner.js:135843:72)\n    at tryCatcher (https://mergestack-com.site-dev.ggms.com/__cypress/runner/cypress_runner.js:1777:23)\n    at Promise._settlePromiseFromHandler (https://mergestack-com.site-dev.ggms.com/__cypress/runner/cypress_runner.js:1489:31)\n    at Promise._settlePromise (https://mergestack-com.site-dev.ggms.com/__cypress/runner/cypress_runner.js:1546:18)\n    at Promise._settlePromise0 (https://mergestack-com.site-dev.ggms.com/__cypress/runner/cypress_runner.js:1591:10)\n    at Promise._settlePromises (https://mergestack-com.site-dev.ggms.com/__cypress/runner/cypress_runner.js:1667:18)\n    at _drainQueueStep (https://mergestack-com.site-dev.ggms.com/__cypress/runner/cypress_runner.js:2377:12)\n    at _drainQueue (https://mergestack-com.site-dev.ggms.com/__cypress/runner/cypress_runner.js:2370:9)\n    at Async._drainQueues (https://mergestack-com.site-dev.ggms.com/__cypress/runner/cypress_runner.js:2386:5)\n    at Async.drainQueues (https://mergestack-com.site-dev.ggms.com/__cypress/runner/cypress_runner.js:2256:14)\nFrom Your Spec Code:\n    at Context.eval (webpack://ggmstestautomation/./node_modules/@chromatic-com/cypress/dist/support.js:5:1844)\n    at getRet (https://mergestack-com.site-dev.ggms.com/__cypress/runner/cypress_runner.js:118318:20)\n    at tryCatcher (https://mergestack-com.site-dev.ggms.com/__cypress/runner/cypress_runner.js:1777:23)\n    at Promise.attempt.Promise.try (https://mergestack-com.site-dev.ggms.com/__cypress/runner/cypress_runner.js:4285:29)\n    at Context.thenFn (https://mergestack-com.site-dev.ggms.com/__cypress/runner/cypress_runner.js:118329:66)\n    at Context.then (https://mergestack-com.site-dev.ggms.com/__cypress/runner/cypress_runner.js:118580:21)\n    at wrapped (https://mergestack-com.site-dev.ggms.com/__cypress/runner/cypress_runner.js:138827:19)",
                "diff": null
              },
              "uuid": "7d809674-a86c-4c84-bcad-3f955ddea942",
              "parentUUID": "53afbcba-59ca-4e43-a9c1-e8ca56fa237c",
              "isHook": false,
              "skipped": false
            },
            {
              "title": "should search for \"Orlando\" and display property markers inside the boundary",
              "fullTitle": "🗺️ Map View — Test Suite should search for \"Orlando\" and display property markers inside the boundary",
              "timedOut": null,
              "duration": 0,
              "state": "skipped",
              "speed": null,
              "pass": false,
              "fail": false,
              "pending": false,
              "context": null,
              "code": "sharedElements.typeLocation(\"Orlando\"); // Enter location into search field\n// Verify that property markers are visible and there is at least one result\nmapPage.propertyMarkers().should(\"exist\") // At least one marker exists\n.and(\"have.length.at.least\", 1) // Ensure there's at least one marker\n.and(\"be.visible\"); // Ensure markers are visible\n// Verify that boundary polygon is drawn around the searched area\nmapPage.boundaryPolygon().should(\"exist\"); // Assert that boundary is present",
              "err": {},
              "uuid": "721f7d63-e9fc-4f09-94da-a72d983a7dc1",
              "parentUUID": "53afbcba-59ca-4e43-a9c1-e8ca56fa237c",
              "isHook": false,
              "skipped": true
            }
          ],
          "suites": [],
          "passes": [],
          "failures": [
            "7d809674-a86c-4c84-bcad-3f955ddea942"
          ],
          "pending": [],
          "skipped": [
            "721f7d63-e9fc-4f09-94da-a72d983a7dc1"
          ],
          "duration": 152,
          "root": false,
          "rootEmpty": false,
          "_timeout": 2000
        }
      ],
      "passes": [],
      "failures": [],
      "pending": [],
      "skipped": [],
      "duration": 0,
      "root": true,
      "rootEmpty": true,
      "_timeout": 2000
    }
  ],
  "meta": {
    "mocha": {
      "version": "7.0.1"
    },
    "mochawesome": {
      "options": {
        "quiet": false,
        "reportFilename": "mochawesome",
        "saveHtml": false,
        "saveJson": true,
        "consoleReporter": "spec",
        "useInlineDiffs": false,
        "code": true
      },
      "version": "7.1.3"
    },
    "marge": {
      "options": {
        "overwrite": false,
        "html": false,
        "json": true,
        "reportDir": "cypress/reports/html/.jsons"
      },
      "version": "6.2.0"
    }
  }
}